<?xml version="1.0" encoding="utf-8"?><testsuites name="pytest tests"><testsuite name="pytest" errors="0" failures="0" skipped="0" tests="7" time="1.466" timestamp="2026-08-23T12:52:31.641809+00:00" hostname="agent-env-5612a976-e718-4201-b390-8efa204b72a5"><testcase classname="tests.test_iteration3" name="test_stats_summary_shape" time="0.250" /><testcase classname="tests.test_iteration3" name="test_export_csv" time="0.050" /><testcase classname="tests.test_iteration3" name="test_export_html" time="0.054" /><testcase classname="tests.test_iteration3" name="test_lookup_barcode_local" time="0.054" /><testcase classname="tests.test_iteration3" name="test_lookup_barcode_online_fallback" time="0.050" /><testcase classname="tests.test_iteration3" name="test_lookup_barcode_invalid" time="0.272" /><testcase classname="tests.test_iteration3" name="test_update_and_delete_game" time="0.247" /></testsuite></testsuites>