<?xml version="1.0" encoding="utf-8"?><testsuites name="pytest tests"><testsuite name="pytest" errors="0" failures="0" skipped="0" tests="12" time="2.166" timestamp="2026-08-23T13:07:16.610912+00:00" hostname="agent-env-5612a976-e718-4201-b390-8efa204b72a5"><testcase classname="tests.test_iteration4.TestGetGameById" name="test_get_game_by_id" time="0.260" /><testcase classname="tests.test_iteration4.TestSearchOnline" name="test_search_nioh_non_empty" time="0.604" /><testcase classname="tests.test_iteration4.TestGetGameById" name="test_get_game_stats_still_works" time="0.054" /><testcase classname="tests.test_iteration4.TestGetGameById" name="test_get_ranking_still_works" time="0.055" /><testcase classname="tests.test_iteration4.TestGetGameById" name="test_get_nonexistent_game_returns_404" time="0.059" /><testcase classname="tests.test_iteration4.TestBarcodeLookup" name="test_known_barcode" time="0.053" /><testcase classname="tests.test_iteration4.TestBarcodeLookup" name="test_unknown_barcode" time="0.223" /><testcase classname="tests.test_iteration4.TestSearchOnline" name="test_search_nioh_3" time="0.355" /><testcase classname="tests.test_iteration4.TestSearchOnline" name="test_empty_query_returns_empty" time="0.052" /><testcase classname="tests.test_iteration4.TestSearchOnline" name="test_single_char_query_returns_empty" time="0.054" /><testcase classname="tests.test_iteration4.TestSearchOnline" name="test_platform_detection_nioh" time="0.380" /><testcase classname="tests.test_iteration4.TestSearchOnline" name="test_filters_out_film_album_book" time="0.358" /></testsuite></testsuites>