<?xml version="1.0" encoding="utf-8"?><testsuites name="pytest tests"><testsuite name="pytest" errors="0" failures="0" skipped="0" tests="13" time="2.007" timestamp="2026-08-23T12:36:29.298142+00:00" hostname="agent-env-5612a976-e718-4201-b390-8efa204b72a5"><testcase classname="tests.test_iteration2" name="test_lookup_known_barcode_returns_found" time="0.235" /><testcase classname="tests.test_iteration2" name="test_lookup_unknown_barcode_returns_suggestions" time="0.055" /><testcase classname="tests.test_iteration2" name="test_lookup_barcode_402_when_scan_limit_reached" time="0.051" /><testcase classname="tests.test_iteration2" name="test_lookup_barcode_ok_when_premium_and_limit_reached" time="0.073" /><testcase classname="tests.test_iteration2" name="test_ai_chat_402_when_ai_limit_reached" time="0.056" /><testcase classname="tests.test_iteration2" name="test_premium_subscribe_and_settings_reflect" time="0.104" /><testcase classname="tests.test_iteration2" name="test_premium_cancel_flips_off" time="0.158" /><testcase classname="tests.test_iteration2" name="test_reward_unlock_grants_temp_premium" time="0.103" /><testcase classname="tests.test_iteration2" name="test_stats_total_spent_excludes_gifts" time="0.051" /><testcase classname="tests.test_iteration2" name="test_stats_total_spent_per_platform" time="0.050" /><testcase classname="tests.test_iteration2" name="test_create_game_with_all_new_fields_awards_50_coins" time="0.244" /><testcase classname="tests.test_iteration2" name="test_settings_update_shake_to_search" time="0.099" /><testcase classname="tests.test_iteration2" name="test_settings_get_returns_all_required_fields" time="0.052" /></testsuite></testsuites>