<?xml version="1.0" encoding="utf-8"?><testsuites name="pytest tests"><testsuite name="pytest" errors="0" failures="1" skipped="0" tests="23" time="10.839" timestamp="2026-08-23T12:36:35.640329+00:00" hostname="agent-env-5612a976-e718-4201-b390-8efa204b72a5"><testcase classname="tests.backend_test" name="test_list_platforms" time="0.118" /><testcase classname="tests.test_iteration2" name="test_lookup_known_barcode_returns_found" time="0.167" /><testcase classname="tests.backend_test" name="test_list_games" time="0.047" /><testcase classname="tests.backend_test" name="test_games_stats_total" time="0.047" /><testcase classname="tests.test_iteration2" name="test_lookup_unknown_barcode_returns_suggestions" time="0.053" /><testcase classname="tests.backend_test" name="test_games_stats_filtered" time="0.047" /><testcase classname="tests.test_iteration2" name="test_lookup_barcode_402_when_scan_limit_reached" time="0.052" /><testcase classname="tests.backend_test" name="test_search_god" time="0.047" /><testcase classname="tests.test_iteration2" name="test_lookup_barcode_ok_when_premium_and_limit_reached" time="0.092" /><testcase classname="tests.backend_test" name="test_ranking_sorted_desc" time="0.046" /><testcase classname="tests.backend_test" name="test_wishlist_3" time="0.045" /><testcase classname="tests.test_iteration2" name="test_ai_chat_402_when_ai_limit_reached" time="0.051" /><testcase classname="tests.backend_test" name="test_crud_game" time="0.347" /><testcase classname="tests.test_iteration2" name="test_premium_subscribe_and_settings_reflect" time="0.139" /><testcase classname="tests.test_iteration2" name="test_premium_cancel_flips_off" time="0.232" /><testcase classname="tests.backend_test" name="test_settings_get_and_update" time="0.180"><failure message="assert True == False">backend/tests/backend_test.py:125: in test_settings_get_and_update
    assert r.json()["shake_to_search"] == new_val
E   assert True == False</failure></testcase><testcase classname="tests.test_iteration2" name="test_reward_unlock_grants_temp_premium" time="0.099" /><testcase classname="tests.test_iteration2" name="test_stats_total_spent_excludes_gifts" time="0.057" /><testcase classname="tests.test_iteration2" name="test_stats_total_spent_per_platform" time="0.052" /><testcase classname="tests.backend_test" name="test_assistant_chat" time="9.429" /><testcase classname="tests.test_iteration2" name="test_create_game_with_all_new_fields_awards_50_coins" time="0.398" /><testcase classname="tests.test_iteration2" name="test_settings_update_shake_to_search" time="0.100" /><testcase classname="tests.test_iteration2" name="test_settings_get_returns_all_required_fields" time="0.052" /></testsuite></testsuites>